<?xml version="1.0" encoding="UTF-8"?>
<!-- Generated by org.testng.reporters.JUnitReportReporter -->
<testsuite hostname="Masum" failures="0" tests="2" name="runner.RunCuke" time="0.207" errors="0" timestamp="2024-06-14T12:43:27 IST" skipped="0">
  <testcase classname="runner.RunCuke" name="runScenario" time="0.199"/>
  <system-out/>
  <testcase classname="runner.RunCuke" name="runScenario" time="0.008"/>
  <system-out/>
</testsuite> <!-- runner.RunCuke -->
